<?xml version="1.0" encoding="UTF-8"?>
<robot generator="Robot 4.0.1 (Python 3.9.4 on win32)" generated="20210424 02:13:47.556" rpa="false" schemaversion="2">
<suite id="s1" name="Teste" source="C:\Users\Cadu\Desktop\Robot_testes\tests\teste.robot">
<test id="s1-t1" name="Caso de Teste 01: Pesquisar produto existente">
<kw name="Abrir navegador" library="ResourceTeste" type="SETUP">
<kw name="Open Browser" library="SeleniumLibrary">
<arg>about:blank</arg>
<arg>${BROWSER}</arg>
<doc>Opens a new browser instance to the optional ``url``.</doc>
<msg timestamp="20210424 02:13:47.969" level="INFO">Opening browser 'chrome' to base url 'about:blank'.</msg>
<status status="PASS" starttime="20210424 02:13:47.969" endtime="20210424 02:13:49.916"/>
</kw>
<status status="PASS" starttime="20210424 02:13:47.968" endtime="20210424 02:13:49.917"/>
</kw>
<kw name="Acessar a página do Blog" library="ResourceTeste">
<kw name="Go To" library="SeleniumLibrary">
<arg>http://automationpractice.com/</arg>
<doc>Navigates the current browser window to the provided ``url``.</doc>
<msg timestamp="20210424 02:13:49.941" level="INFO">Opening url 'http://automationpractice.com/'</msg>
<status status="PASS" starttime="20210424 02:13:49.939" endtime="20210424 02:13:55.815"/>
</kw>
<kw name="Title Should Be" library="SeleniumLibrary">
<arg>My Store</arg>
<doc>Verifies that the current page title equals ``title``.</doc>
<msg timestamp="20210424 02:13:55.823" level="INFO">Page title is 'My Store'.</msg>
<status status="PASS" starttime="20210424 02:13:55.815" endtime="20210424 02:13:55.823"/>
</kw>
<status status="PASS" starttime="20210424 02:13:49.937" endtime="20210424 02:13:55.824"/>
</kw>
<kw name="Fechar navegador" library="ResourceTeste" type="TEARDOWN">
<kw name="Close Browser" library="SeleniumLibrary">
<doc>Closes the current browser.</doc>
<status status="PASS" starttime="20210424 02:13:55.826" endtime="20210424 02:13:58.092"/>
</kw>
<status status="PASS" starttime="20210424 02:13:55.825" endtime="20210424 02:13:58.092"/>
</kw>
<status status="PASS" starttime="20210424 02:13:47.967" endtime="20210424 02:13:58.093"/>
</test>
<status status="PASS" starttime="20210424 02:13:47.559" endtime="20210424 02:13:58.096"/>
</suite>
<statistics>
<total>
<stat pass="1" fail="0" skip="0">All Tests</stat>
</total>
<tag>
</tag>
<suite>
<stat pass="1" fail="0" skip="0" id="s1" name="Teste">Teste</stat>
</suite>
</statistics>
<errors>
</errors>
</robot>
